2024-07-13 12:20:35,080 INFO Starting club administration category creation e2e
2024-07-13 12:20:35,335 INFO User created: okhgxbej@example.com
2024-07-13 12:20:39,463 INFO User has successfully logged in
2024-07-13 12:21:06,507 INFO Category created: SLzpBh
2024-07-13 12:21:09,485 INFO Subcategory created: fr2K3T
2024-07-13 12:34:57,645 INFO Starting club administration category creation e2e
2024-07-13 12:34:57,936 INFO User created: pekmqfsy@example.com
2024-07-13 12:35:02,575 INFO User has successfully logged in
2024-07-13 12:35:29,220 INFO Category created: 73EoMu
2024-07-13 12:36:49,672 INFO Starting club administration category creation e2e
2024-07-13 12:36:49,946 INFO User created: qftolzfm@test.com
2024-07-13 12:36:53,608 INFO User has successfully logged in
2024-07-13 12:37:21,660 INFO Category created: GhSi2M
2024-07-13 12:37:24,996 INFO Subcategory created: B4vNnL
2024-07-13 12:54:52,349 INFO Starting club administration category creation e2e
2024-07-13 12:54:52,714 INFO User created: vayjhsnc@test.com
2024-07-13 12:54:57,378 INFO User has successfully logged in
2024-07-13 12:55:25,401 INFO Category created: EnNpq6
2024-07-13 12:55:28,505 INFO Subcategory created: 7yBVIz
2024-07-13 13:10:30,283 INFO Starting club administration category creation e2e
2024-07-13 13:10:30,561 INFO User created: nshrixnj@example.com
2024-07-13 13:10:34,098 INFO User has successfully logged in
2024-07-13 13:11:01,761 INFO Category created: PQSEqG
2024-07-13 13:11:04,766 INFO Subcategory created: 7AjaPH
